<?xml version="1.0" encoding="UTF-8"?>
<!-- Generated by org.testng.reporters.JUnitReportReporter -->
<testsuite skipped="0" hostname="LAPTOP-ABN478BL" name="qaclickacademy.AppiumTest" tests="2" failures="0" timestamp="23 May 2021 08:28:53 GMT" time="0.009" errors="0">
  <testcase name="NativeAPpAndroid" time="0.000" classname="qaclickacademy.AppiumTest"/>
  <testcase name="IOSApps" time="0.009" classname="qaclickacademy.AppiumTest"/>
</testsuite> <!-- qaclickacademy.AppiumTest -->
